INFO 2025-10-04 20:00:49,094 autoreload 22144 12480 Watching for file changes with StatReloader
INFO 2025-10-04 20:02:54,189 basehttp 22144 16032 "OPTIONS /api/trip/plan/ HTTP/1.1" 200 0
WARNING 2025-10-04 20:02:54,952 log 22144 16032 Not Found: /api/trip/plan/
WARNING 2025-10-04 20:02:54,954 basehttp 22144 16032 "POST /api/trip/plan/ HTTP/1.1" 404 2713
WARNING 2025-10-04 20:04:05,854 log 22144 7792 Not Found: /
WARNING 2025-10-04 20:04:05,855 basehttp 22144 7792 "GET / HTTP/1.1" 404 2946
WARNING 2025-10-04 20:04:13,673 log 22144 10932 Not Found: /favicon.ico
WARNING 2025-10-04 20:04:13,674 basehttp 22144 10932 "GET /favicon.ico HTTP/1.1" 404 2997
INFO 2025-10-04 20:04:49,057 basehttp 22144 24688 "GET /admin HTTP/1.1" 301 0
INFO 2025-10-04 20:04:49,086 basehttp 22144 21820 "GET /admin/ HTTP/1.1" 302 0
INFO 2025-10-04 20:04:49,690 basehttp 22144 21820 "GET /admin/login/?next=/admin/ HTTP/1.1" 200 4173
INFO 2025-10-04 20:04:51,159 basehttp 22144 23464 "GET /static/admin/css/nav_sidebar.css HTTP/1.1" 200 2810
INFO 2025-10-04 20:04:51,308 basehttp 22144 21820 "GET /static/admin/css/base.css HTTP/1.1" 200 22120
INFO 2025-10-04 20:04:51,490 basehttp 22144 27576 "GET /static/admin/css/dark_mode.css HTTP/1.1" 200 2808
INFO 2025-10-04 20:04:51,671 basehttp 22144 21560 "GET /static/admin/css/login.css HTTP/1.1" 200 951
INFO 2025-10-04 20:04:52,368 basehttp 22144 24580 "GET /static/admin/css/responsive.css HTTP/1.1" 200 16565
INFO 2025-10-04 20:04:52,700 basehttp 22144 10988 "GET /static/admin/js/theme.js HTTP/1.1" 200 1653
INFO 2025-10-04 20:04:52,715 basehttp 22144 24580 "GET /static/admin/js/nav_sidebar.js HTTP/1.1" 200 3063
INFO 2025-10-04 20:05:13,731 basehttp 22144 19528 "POST /admin/login/?next=/admin/ HTTP/1.1" 200 4366
WARNING 2025-10-04 20:07:43,550 log 22144 16612 Not Found: /api/trip/plan/
WARNING 2025-10-04 20:07:43,551 basehttp 22144 16612 "POST /api/trip/plan/ HTTP/1.1" 404 2713
WARNING 2025-10-04 20:08:07,570 log 22144 16608 Not Found: /api/trip/plan/
WARNING 2025-10-04 20:08:07,571 basehttp 22144 16608 "GET /api/trip/plan/ HTTP/1.1" 404 2712
WARNING 2025-10-04 20:08:11,272 log 22144 16608 Not Found: /favicon.ico
WARNING 2025-10-04 20:08:11,273 basehttp 22144 16608 "GET /favicon.ico HTTP/1.1" 404 2997
INFO 2025-10-04 20:14:39,087 autoreload 22144 12480 S:\freelancing projects\RouteLogix-Django-React\backend\routelogix\apps\trips\urls.py changed, reloading.
INFO 2025-10-04 20:14:43,417 autoreload 13284 26448 Watching for file changes with StatReloader
INFO 2025-10-04 20:14:51,127 autoreload 13284 26448 S:\freelancing projects\RouteLogix-Django-React\backend\routelogix\apps\trips\views.py changed, reloading.
INFO 2025-10-04 20:14:54,896 autoreload 11300 18344 Watching for file changes with StatReloader
ERROR 2025-10-04 20:15:37,082 log 26036 22928 Invalid HTTP_HOST header: 'testserver'. You may need to add 'testserver' to ALLOWED_HOSTS.
Traceback (most recent call last):
  File "C:\Users\IRADUKUNDA Bertrand\AppData\Local\Packages\PythonSoftwareFoundation.Python.3.13_qbz5n2kfra8p0\LocalCache\local-packages\Python313\site-packages\django\core\handlers\exception.py", line 55, in inner
    response = get_response(request)
  File "C:\Users\IRADUKUNDA Bertrand\AppData\Local\Packages\PythonSoftwareFoundation.Python.3.13_qbz5n2kfra8p0\LocalCache\local-packages\Python313\site-packages\django\utils\deprecation.py", line 119, in __call__
    response = self.process_request(request)
  File "C:\Users\IRADUKUNDA Bertrand\AppData\Local\Packages\PythonSoftwareFoundation.Python.3.13_qbz5n2kfra8p0\LocalCache\local-packages\Python313\site-packages\django\middleware\common.py", line 48, in process_request
    host = request.get_host()
  File "C:\Users\IRADUKUNDA Bertrand\AppData\Local\Packages\PythonSoftwareFoundation.Python.3.13_qbz5n2kfra8p0\LocalCache\local-packages\Python313\site-packages\django\http\request.py", line 202, in get_host
    raise DisallowedHost(msg)
django.core.exceptions.DisallowedHost: Invalid HTTP_HOST header: 'testserver'. You may need to add 'testserver' to ALLOWED_HOSTS.
INFO 2025-10-04 20:15:48,976 autoreload 11300 18344 S:\freelancing projects\RouteLogix-Django-React\backend\routelogix\settings.py changed, reloading.
INFO 2025-10-04 20:15:53,521 autoreload 6904 15964 Watching for file changes with StatReloader
INFO 2025-10-04 20:17:45,560 autoreload 6904 15964 S:\freelancing projects\RouteLogix-Django-React\backend\routelogix\apps\trips\views.py changed, reloading.
INFO 2025-10-04 20:17:49,965 autoreload 6172 15392 Watching for file changes with StatReloader
INFO 2025-10-04 20:18:35,360 autoreload 6172 15392 S:\freelancing projects\RouteLogix-Django-React\backend\routelogix\apps\trips\views.py changed, reloading.
INFO 2025-10-04 20:18:45,145 autoreload 13276 21644 Watching for file changes with StatReloader
INFO 2025-10-04 20:20:38,810 autoreload 24012 2484 Watching for file changes with StatReloader
WARNING 2025-10-04 20:21:08,261 log 24012 20980 Bad Request: /api/trip/plan/
WARNING 2025-10-04 20:21:08,262 basehttp 24012 20980 "POST /api/trip/plan/ HTTP/1.1" 400 47
WARNING 2025-10-04 20:22:19,939 log 24012 26732 Bad Request: /api/trip/plan/
WARNING 2025-10-04 20:22:19,939 basehttp 24012 26732 "POST /api/trip/plan/ HTTP/1.1" 400 47
INFO 2025-10-04 20:23:08,097 autoreload 24012 2484 S:\freelancing projects\RouteLogix-Django-React\backend\routelogix\apps\trips\views.py changed, reloading.
INFO 2025-10-04 20:23:13,502 autoreload 5464 23308 Watching for file changes with StatReloader
INFO 2025-10-04 20:23:20,117 autoreload 5464 23308 S:\freelancing projects\RouteLogix-Django-React\backend\routelogix\apps\trips\views.py changed, reloading.
INFO 2025-10-04 20:23:24,154 autoreload 18668 25196 Watching for file changes with StatReloader
INFO 2025-10-04 20:23:34,781 autoreload 18668 25196 S:\freelancing projects\RouteLogix-Django-React\backend\routelogix\apps\trips\urls.py changed, reloading.
INFO 2025-10-04 20:23:39,095 autoreload 26928 16336 Watching for file changes with StatReloader
ERROR 2025-10-04 20:24:17,478 log 7664 22792 Internal Server Error: /api/trip/plan/
INFO 2025-10-04 20:24:40,724 autoreload 26928 16336 S:\freelancing projects\RouteLogix-Django-React\backend\routelogix\apps\trips\views.py changed, reloading.
INFO 2025-10-04 20:24:46,359 autoreload 23568 2440 Watching for file changes with StatReloader
INFO 2025-10-04 20:25:51,276 autoreload 18548 23596 Watching for file changes with StatReloader
WARNING 2025-10-04 20:26:10,186 log 18548 19968 Bad Request: /api/trip/plan/
WARNING 2025-10-04 20:26:10,186 basehttp 18548 19968 "POST /api/trip/plan/ HTTP/1.1" 400 264
INFO 2025-10-04 20:28:00,470 autoreload 18548 23596 S:\freelancing projects\RouteLogix-Django-React\backend\routelogix\apps\trips\views.py changed, reloading.
INFO 2025-10-04 20:28:04,877 autoreload 24364 22588 Watching for file changes with StatReloader
INFO 2025-10-04 20:29:25,073 autoreload 19320 8996 Watching for file changes with StatReloader
WARNING 2025-10-04 20:29:42,023 log 19320 17740 Bad Request: /api/trip/plan/
WARNING 2025-10-04 20:29:42,025 basehttp 19320 17740 "POST /api/trip/plan/ HTTP/1.1" 400 412
INFO 2025-10-04 20:31:09,255 autoreload 19320 8996 S:\freelancing projects\RouteLogix-Django-React\backend\routelogix\apps\trips\views.py changed, reloading.
INFO 2025-10-04 20:31:15,452 autoreload 6072 15308 Watching for file changes with StatReloader
INFO 2025-10-04 20:32:26,863 autoreload 6072 15308 S:\freelancing projects\RouteLogix-Django-React\backend\routelogix\apps\trips\views.py changed, reloading.
INFO 2025-10-04 20:32:33,854 autoreload 22296 18560 Watching for file changes with StatReloader
INFO 2025-10-04 20:32:59,606 autoreload 22296 18560 S:\freelancing projects\RouteLogix-Django-React\backend\routelogix\apps\trips\views.py changed, reloading.
INFO 2025-10-04 20:33:14,608 autoreload 8156 2112 Watching for file changes with StatReloader
INFO 2025-10-04 20:34:27,684 basehttp 8156 7492 "POST /api/trip/plan/ HTTP/1.1" 200 548
WARNING 2025-10-04 20:34:27,858 log 8156 7492 Not Found: /api/trip/temp_123/logs/
WARNING 2025-10-04 20:34:27,862 basehttp 8156 7492 "GET /api/trip/temp_123/logs/ HTTP/1.1" 404 3268
INFO 2025-10-04 20:36:38,179 autoreload 8156 2112 S:\freelancing projects\RouteLogix-Django-React\backend\routelogix\apps\trips\views.py changed, reloading.
INFO 2025-10-04 20:36:43,629 autoreload 14400 11952 Watching for file changes with StatReloader
INFO 2025-10-04 20:36:54,442 autoreload 14400 11952 S:\freelancing projects\RouteLogix-Django-React\backend\routelogix\apps\trips\views.py changed, reloading.
INFO 2025-10-04 20:36:59,440 autoreload 14836 14544 Watching for file changes with StatReloader
INFO 2025-10-04 20:38:30,397 views 14836 7392 Trip planning request received: POST from http://localhost:3000
INFO 2025-10-04 20:38:30,398 views 14836 7392 Request data: {'current_location': 'Rwanda', 'pickup_location': 'Karongi', 'dropoff_location': 'Kigali', 'cycle_type': '70_8'}
INFO 2025-10-04 20:38:30,402 basehttp 14836 7392 "POST /api/trip/plan/ HTTP/1.1" 200 548
WARNING 2025-10-04 20:38:30,624 log 14836 7392 Not Found: /api/trip/temp_123/logs/
WARNING 2025-10-04 20:38:30,624 basehttp 14836 7392 "GET /api/trip/temp_123/logs/ HTTP/1.1" 404 3268
INFO 2025-10-04 20:39:24,787 views 14836 26764 Trip planning request received: POST from http://localhost:3000
INFO 2025-10-04 20:39:24,788 views 14836 26764 Request data: {'current_location': 'Rwanda', 'pickup_location': 'Karongi', 'dropoff_location': 'Kigali', 'cycle_type': '70_8'}
INFO 2025-10-04 20:39:24,790 basehttp 14836 26764 "POST /api/trip/plan/ HTTP/1.1" 200 548
WARNING 2025-10-04 20:39:24,871 log 14836 26764 Not Found: /api/trip/temp_123/logs/
WARNING 2025-10-04 20:39:24,872 basehttp 14836 26764 "GET /api/trip/temp_123/logs/ HTTP/1.1" 404 3268
INFO 2025-10-04 20:41:20,274 autoreload 14836 14544 S:\freelancing projects\RouteLogix-Django-React\backend\routelogix\apps\trips\views.py changed, reloading.
INFO 2025-10-04 20:41:24,960 autoreload 19772 25844 Watching for file changes with StatReloader
INFO 2025-10-04 20:41:39,579 autoreload 19772 25844 S:\freelancing projects\RouteLogix-Django-React\backend\routelogix\settings.py changed, reloading.
INFO 2025-10-04 20:41:43,014 autoreload 26256 24572 Watching for file changes with StatReloader
INFO 2025-10-04 20:43:06,637 views 16100 16480 Trip planning request from: unknown
INFO 2025-10-04 20:43:06,656 views 16100 16480 Extracted request data: {'current_location': 'Rwanda', 'pickup_location': 'Karongi', 'dropoff_location': 'Kigali', 'cycle_type': '70_8'}
INFO 2025-10-04 20:43:06,674 views 16100 16480 Trip planned successfully: trip_52330
INFO 2025-10-04 20:43:25,735 views 7520 17964 Trip planning request from: unknown
INFO 2025-10-04 20:43:25,743 views 7520 17964 Extracted request data: {'current_location': 'Rwanda'}
WARNING 2025-10-04 20:43:25,756 log 7520 17964 Bad Request: /api/trip/plan/
INFO 2025-10-04 20:43:44,280 views 26636 1308 Trip planning request from: unknown
ERROR 2025-10-04 20:43:44,288 views 26636 1308 Unexpected error in plan_trip: JSON parse error - Expecting value: line 1 column 1 (char 0)
ERROR 2025-10-04 20:43:44,303 log 26636 1308 Internal Server Error: /api/trip/plan/
INFO 2025-10-04 20:43:59,887 autoreload 26256 24572 S:\freelancing projects\RouteLogix-Django-React\backend\routelogix\apps\trips\views.py changed, reloading.
INFO 2025-10-04 20:44:06,829 autoreload 15648 20356 Watching for file changes with StatReloader
INFO 2025-10-04 20:44:19,668 views 22156 17416 Trip planning request from: unknown
ERROR 2025-10-04 20:44:19,676 views 22156 17416 Error parsing request data: JSON parse error - Expecting value: line 1 column 1 (char 0)
WARNING 2025-10-04 20:44:19,697 log 22156 17416 Bad Request: /api/trip/plan/
INFO 2025-10-04 20:56:06,787 views 15648 26188 Trip planning request from: http://localhost:3000
INFO 2025-10-04 20:56:06,797 views 15648 26188 Extracted request data: {'current_location': 'Rwanda', 'pickup_location': 'Karongi', 'dropoff_location': 'Kigali', 'cycle_type': '70_8'}
INFO 2025-10-04 20:56:06,798 views 15648 26188 Trip planned successfully: trip_95863
INFO 2025-10-04 20:56:06,807 basehttp 15648 26188 "POST /api/trip/plan/ HTTP/1.1" 200 1081
WARNING 2025-10-04 20:56:06,990 log 15648 26188 Not Found: /api/trip/trip_95863/logs/
WARNING 2025-10-04 20:56:06,991 basehttp 15648 26188 "GET /api/trip/trip_95863/logs/ HTTP/1.1" 404 3274
INFO 2025-10-04 21:03:30,485 views 15648 14356 Trip planning request from: http://localhost:3000
INFO 2025-10-04 21:03:30,491 views 15648 14356 Extracted request data: {'current_location': 'New York', 'pickup_location': 'Chikago', 'dropoff_location': 'Los ageles', 'cycle_type': '70_8'}
INFO 2025-10-04 21:03:30,493 views 15648 14356 Trip planned successfully: trip_88099
INFO 2025-10-04 21:03:30,502 basehttp 15648 14356 "POST /api/trip/plan/ HTTP/1.1" 200 1099
WARNING 2025-10-04 21:03:30,581 log 15648 14356 Not Found: /api/trip/trip_88099/logs/
WARNING 2025-10-04 21:03:30,582 basehttp 15648 14356 "GET /api/trip/trip_88099/logs/ HTTP/1.1" 404 3274
INFO 2025-10-04 21:07:18,194 views 15648 5820 Trip planning request from: http://localhost:3000
INFO 2025-10-04 21:07:18,208 views 15648 5820 Extracted request data: {'current_location': 'New York', 'pickup_location': 'Chicago', 'dropoff_location': 'Los angeles', 'cycle_type': '70_8'}
INFO 2025-10-04 21:07:18,209 views 15648 5820 Trip planned successfully: trip_50944
INFO 2025-10-04 21:07:18,228 basehttp 15648 5820 "POST /api/trip/plan/ HTTP/1.1" 200 1103
WARNING 2025-10-04 21:07:18,362 log 15648 5820 Not Found: /api/trip/trip_50944/logs/
WARNING 2025-10-04 21:07:18,363 basehttp 15648 5820 "GET /api/trip/trip_50944/logs/ HTTP/1.1" 404 3274
INFO 2025-10-15 17:32:30,289 autoreload 20832 4736 Watching for file changes with StatReloader
INFO 2025-10-15 17:34:22,197 basehttp 20832 17532 "OPTIONS /api/trip/plan/ HTTP/1.1" 200 0
INFO 2025-10-15 17:34:22,558 views 20832 17532 Trip planning request from: http://localhost:3000
INFO 2025-10-15 17:34:22,559 views 20832 17532 Extracted request data: {'current_location': 'New York', 'pickup_location': 'Chicago', 'dropoff_location': 'Los angelos', 'cycle_type': '70_8'}
INFO 2025-10-15 17:34:22,559 views 20832 17532 Trip planned successfully: trip_25291
INFO 2025-10-15 17:34:22,562 basehttp 20832 17532 "POST /api/trip/plan/ HTTP/1.1" 200 1103
WARNING 2025-10-15 17:34:22,961 log 20832 17532 Not Found: /api/trip/trip_25291/logs/
WARNING 2025-10-15 17:34:22,961 basehttp 20832 17532 "GET /api/trip/trip_25291/logs/ HTTP/1.1" 404 2875
INFO 2025-10-15 17:35:19,617 basehttp 20832 10656 "GET /admin HTTP/1.1" 301 0
INFO 2025-10-15 17:35:19,934 basehttp 20832 7532 "GET /admin/ HTTP/1.1" 302 0
INFO 2025-10-15 17:35:21,078 basehttp 20832 7532 "GET /admin/login/?next=/admin/ HTTP/1.1" 200 4181
INFO 2025-10-15 17:35:21,721 basehttp 20832 7532 "GET /static/admin/css/base.css HTTP/1.1" 200 22455
INFO 2025-10-15 17:35:21,750 basehttp 20832 20428 "GET /static/admin/css/dark_mode.css HTTP/1.1" 200 3066
INFO 2025-10-15 17:35:21,978 basehttp 20832 11924 "GET /static/admin/css/login.css HTTP/1.1" 200 1019
INFO 2025-10-15 17:35:21,983 basehttp 20832 7532 "GET /static/admin/js/theme.js HTTP/1.1" 200 1999
INFO 2025-10-15 17:35:21,988 basehttp 20832 17564 "GET /static/admin/css/responsive.css HTTP/1.1" 200 19558
INFO 2025-10-15 17:35:22,000 basehttp 20832 20428 "GET /static/admin/js/nav_sidebar.js HTTP/1.1" 200 3142
INFO 2025-10-15 17:35:22,020 basehttp 20832 3744 "GET /static/admin/css/nav_sidebar.css HTTP/1.1" 200 2838
WARNING 2025-10-15 17:35:22,187 log 20832 3744 Not Found: /favicon.ico
WARNING 2025-10-15 17:35:22,188 basehttp 20832 3744 "GET /favicon.ico HTTP/1.1" 404 2684
INFO 2025-10-15 17:48:22,787 basehttp 20832 8004 "POST /admin/login/?next=/admin/ HTTP/1.1" 302 0
INFO 2025-10-15 17:48:22,961 basehttp 20832 8004 "GET /admin/ HTTP/1.1" 200 5556
INFO 2025-10-15 17:48:23,058 basehttp 20832 8004 "GET /static/admin/css/dashboard.css HTTP/1.1" 200 470
INFO 2025-10-15 17:48:23,426 basehttp 20832 8004 "GET /static/admin/img/icon-addlink.svg HTTP/1.1" 200 334
INFO 2025-10-15 17:48:23,427 basehttp 20832 12816 "GET /static/admin/img/icon-changelink.svg HTTP/1.1" 200 383
INFO 2025-10-15 17:48:46,103 autoreload 20832 4736 C:\Users\user\RouteLogix-Django-React\backend\routelogix\apps\authentication\views.py changed, reloading.
INFO 2025-10-15 17:48:52,570 autoreload 15496 15020 Watching for file changes with StatReloader
INFO 2025-10-15 17:48:56,014 autoreload 15496 15020 C:\Users\user\RouteLogix-Django-React\backend\routelogix\apps\authentication\urls.py changed, reloading.
INFO 2025-10-15 17:49:02,112 autoreload 20348 10560 Watching for file changes with StatReloader
INFO 2025-10-15 17:49:27,474 autoreload 20348 10560 C:\Users\user\RouteLogix-Django-React\backend\routelogix\settings.py changed, reloading.
INFO 2025-10-15 17:49:33,166 autoreload 23128 21932 Watching for file changes with StatReloader
INFO 2025-10-15 18:03:57,765 autoreload 19368 8444 Watching for file changes with StatReloader
INFO 2025-10-15 18:04:25,892 autoreload 12040 22120 Watching for file changes with StatReloader
INFO 2025-10-15 18:07:27,676 basehttp 12040 15076 "OPTIONS /api/auth/login/ HTTP/1.1" 200 0
WARNING 2025-10-15 18:07:29,001 log 12040 15076 Unauthorized: /api/auth/login/
WARNING 2025-10-15 18:07:29,002 basehttp 12040 15076 "POST /api/auth/login/ HTTP/1.1" 401 31
INFO 2025-10-15 18:08:43,091 basehttp 12040 13604 "OPTIONS /api/auth/register/ HTTP/1.1" 200 0
ERROR 2025-10-15 18:08:44,343 views 12040 13604 Registration error: type object 'Token' has no attribute 'objects'
ERROR 2025-10-15 18:08:44,345 log 12040 13604 Internal Server Error: /api/auth/register/
ERROR 2025-10-15 18:08:44,346 basehttp 12040 13604 "POST /api/auth/register/ HTTP/1.1" 500 31
ERROR 2025-10-15 18:10:20,797 views 12040 19168 Login error: type object 'Token' has no attribute 'objects'
ERROR 2025-10-15 18:10:20,799 log 12040 19168 Internal Server Error: /api/auth/login/
ERROR 2025-10-15 18:10:20,800 basehttp 12040 19168 "POST /api/auth/login/ HTTP/1.1" 500 24
ERROR 2025-10-15 18:15:33,484 views 12040 14672 Login error: type object 'Token' has no attribute 'objects'
ERROR 2025-10-15 18:15:33,487 log 12040 14672 Internal Server Error: /api/auth/login/
ERROR 2025-10-15 18:15:33,488 basehttp 12040 14672 "POST /api/auth/login/ HTTP/1.1" 500 24
ERROR 2025-10-15 18:17:17,926 views 12040 13356 Login error: type object 'Token' has no attribute 'objects'
ERROR 2025-10-15 18:17:17,927 log 12040 13356 Internal Server Error: /api/auth/login/
ERROR 2025-10-15 18:17:17,928 basehttp 12040 13356 "POST /api/auth/login/ HTTP/1.1" 500 24
WARNING 2025-10-15 18:17:32,136 log 12040 20136 Bad Request: /api/auth/register/
WARNING 2025-10-15 18:17:32,137 basehttp 12040 20136 "POST /api/auth/register/ HTTP/1.1" 400 35
ERROR 2025-10-15 18:17:41,178 views 12040 20136 Login error: type object 'Token' has no attribute 'objects'
ERROR 2025-10-15 18:17:41,180 log 12040 20136 Internal Server Error: /api/auth/login/
ERROR 2025-10-15 18:17:41,181 basehttp 12040 20136 "POST /api/auth/login/ HTTP/1.1" 500 24
ERROR 2025-10-15 18:17:55,825 views 12040 20136 Login error: type object 'Token' has no attribute 'objects'
ERROR 2025-10-15 18:17:55,828 log 12040 20136 Internal Server Error: /api/auth/login/
ERROR 2025-10-15 18:17:55,830 basehttp 12040 20136 "POST /api/auth/login/ HTTP/1.1" 500 24
WARNING 2025-10-15 18:18:16,734 log 12040 20096 Bad Request: /api/auth/register/
WARNING 2025-10-15 18:18:16,735 basehttp 12040 20096 "POST /api/auth/register/ HTTP/1.1" 400 35
INFO 2025-10-15 18:28:51,651 autoreload 12040 22120 C:\Users\user\RouteLogix-Django-React\backend\routelogix\settings.py changed, reloading.
INFO 2025-10-15 18:28:58,958 autoreload 4996 20088 Watching for file changes with StatReloader
ERROR 2025-10-15 18:35:57,575 views 4996 15516 Registration error: no such table: authtoken_token
ERROR 2025-10-15 18:35:57,582 log 4996 15516 Internal Server Error: /api/auth/register/
ERROR 2025-10-15 18:35:57,584 basehttp 4996 15516 "POST /api/auth/register/ HTTP/1.1" 500 31
ERROR 2025-10-15 18:45:35,001 views 4996 12128 Login error: no such table: authtoken_token
ERROR 2025-10-15 18:45:35,002 log 4996 12128 Internal Server Error: /api/auth/login/
ERROR 2025-10-15 18:45:35,003 basehttp 4996 12128 "POST /api/auth/login/ HTTP/1.1" 500 24
INFO 2025-10-20 11:36:37,106 autoreload 7684 15532 Watching for file changes with StatReloader
INFO 2025-10-20 11:38:06,147 autoreload 16908 16888 Watching for file changes with StatReloader
INFO 2025-10-20 11:39:14,566 basehttp 16908 9956 "OPTIONS /api/auth/login/ HTTP/1.1" 200 0
WARNING 2025-10-20 11:39:15,625 log 16908 9956 Unauthorized: /api/auth/login/
WARNING 2025-10-20 11:39:15,627 basehttp 16908 9956 "POST /api/auth/login/ HTTP/1.1" 401 31
INFO 2025-10-20 11:40:22,450 basehttp 16908 17432 "OPTIONS /api/auth/register/ HTTP/1.1" 200 0
WARNING 2025-10-20 11:40:22,455 log 16908 17432 Bad Request: /api/auth/register/
WARNING 2025-10-20 11:40:22,456 basehttp 16908 17432 "POST /api/auth/register/ HTTP/1.1" 400 32
INFO 2025-10-20 11:40:48,266 views 16908 17700 User Ghislain registered successfully
INFO 2025-10-20 11:40:48,269 basehttp 16908 17700 "POST /api/auth/register/ HTTP/1.1" 201 248
INFO 2025-10-20 11:41:09,886 basehttp 16908 6948 "OPTIONS /api/trip/plan/ HTTP/1.1" 200 0
INFO 2025-10-20 11:41:09,896 views 16908 6948 Trip planning request from: http://localhost:3000
INFO 2025-10-20 11:41:09,899 views 16908 6948 Extracted request data: {'current_location': 'New York', 'pickup_location': 'Chicago', 'dropoff_location': 'Los angelos', 'cycle_type': '60_7'}
INFO 2025-10-20 11:41:09,900 views 16908 6948 Trip planned successfully: trip_19489
INFO 2025-10-20 11:41:09,901 basehttp 16908 6948 "POST /api/trip/plan/ HTTP/1.1" 200 1103
INFO 2025-10-20 11:41:09,922 basehttp 16908 6948 "OPTIONS /api/trip/trip_19489/logs/ HTTP/1.1" 200 0
WARNING 2025-10-20 11:41:10,078 log 16908 6948 Not Found: /api/trip/trip_19489/logs/
WARNING 2025-10-20 11:41:10,079 basehttp 16908 6948 "GET /api/trip/trip_19489/logs/ HTTP/1.1" 404 2875
INFO 2025-10-20 11:41:14,684 views 16908 6948 Trip planning request from: http://localhost:3000
INFO 2025-10-20 11:41:14,685 views 16908 6948 Extracted request data: {'current_location': 'New York', 'pickup_location': 'Chicago', 'dropoff_location': 'Los angelos', 'cycle_type': '70_8'}
INFO 2025-10-20 11:41:14,687 views 16908 6948 Trip planned successfully: trip_19489
INFO 2025-10-20 11:41:14,692 basehttp 16908 6948 "POST /api/trip/plan/ HTTP/1.1" 200 1103
WARNING 2025-10-20 11:41:14,761 log 16908 6948 Not Found: /api/trip/trip_19489/logs/
WARNING 2025-10-20 11:41:14,763 basehttp 16908 6948 "GET /api/trip/trip_19489/logs/ HTTP/1.1" 404 2875
INFO 2025-10-20 11:41:19,405 views 16908 18404 Trip planning request from: http://localhost:3000
INFO 2025-10-20 11:41:19,405 views 16908 18404 Extracted request data: {'current_location': 'New York', 'pickup_location': 'Chicago', 'dropoff_location': 'Los angelos', 'cycle_type': '60_7'}
INFO 2025-10-20 11:41:19,406 views 16908 18404 Trip planned successfully: trip_19489
INFO 2025-10-20 11:41:19,408 basehttp 16908 18404 "POST /api/trip/plan/ HTTP/1.1" 200 1103
WARNING 2025-10-20 11:41:19,431 log 16908 18404 Not Found: /api/trip/trip_19489/logs/
WARNING 2025-10-20 11:41:19,432 basehttp 16908 18404 "GET /api/trip/trip_19489/logs/ HTTP/1.1" 404 2875
INFO 2025-10-20 11:43:07,150 basehttp 16908 15192 "OPTIONS /api/auth/logout/ HTTP/1.1" 200 0
INFO 2025-10-20 11:43:07,197 basehttp 16908 15192 "POST /api/auth/logout/ HTTP/1.1" 200 31
WARNING 2025-10-20 11:43:19,284 log 16908 15192 Unauthorized: /api/auth/login/
WARNING 2025-10-20 11:43:19,284 basehttp 16908 15192 "POST /api/auth/login/ HTTP/1.1" 401 31
INFO 2025-10-20 11:43:35,748 basehttp 16908 15192 "POST /api/auth/login/ HTTP/1.1" 200 293
INFO 2025-10-20 11:46:40,048 autoreload 16908 16888 C:\Users\user\RouteLogix-Django-React\backend\routelogix\urls.py changed, reloading.
INFO 2025-10-20 11:46:42,403 autoreload 15752 12148 Watching for file changes with StatReloader
